intercept-activity/build/outputs/logs/manifest-merger-debug-report.txt
-- Merging decision tree log ---
manifest
ADDED from src/main/AndroidManifest.xml:1:1-25:12
	package
		ADDED from src/main/AndroidManifest.xml:2:11-54
		INJECTED from src/main/AndroidManifest.xml
		INJECTED from src/main/AndroidManifest.xml
	android:versionName
		INJECTED from src/main/AndroidManifest.xml
		INJECTED from src/main/AndroidManifest.xml
	xmlns:android
		ADDED from src/main/AndroidManifest.xml:1:11-69
	android:versionCode
		INJECTED from src/main/AndroidManifest.xml
		INJECTED from src/main/AndroidManifest.xml
application
ADDED from src/main/AndroidManifest.xml:4:5-23:19
	android:label
		ADDED from src/main/AndroidManifest.xml:6:13-45
	android:allowBackup
		ADDED from src/main/AndroidManifest.xml:5:13-39
	android:icon
		ADDED from src/main/AndroidManifest.xml:7:13-47
activity#com.weishu.intercept_activity.app.MainActivity
ADDED from src/main/AndroidManifest.xml:10:9-15:20
	android:name
		ADDED from src/main/AndroidManifest.xml:10:19-47
intent-filter#android.intent.action.MAIN+android.intent.category.LAUNCHER
ADDED from src/main/AndroidManifest.xml:11:13-14:29
action#android.intent.action.MAIN
ADDED from src/main/AndroidManifest.xml:12:17-68
	android:name
		ADDED from src/main/AndroidManifest.xml:12:25-66
category#android.intent.category.LAUNCHER
ADDED from src/main/AndroidManifest.xml:13:17-76
	android:name
		ADDED from src/main/AndroidManifest.xml:13:27-74
activity#com.weishu.intercept_activity.app.RawActivity
ADDED from src/main/AndroidManifest.xml:20:9-48
	android:name
		ADDED from src/main/AndroidManifest.xml:20:19-46
uses-sdk
INJECTED from src/main/AndroidManifest.xml reason: use-sdk injection requested
	android:targetSdkVersion
		INJECTED from src/main/AndroidManifest.xml
		INJECTED from src/main/AndroidManifest.xml
	android:minSdkVersion
		INJECTED from src/main/AndroidManifest.xml
		INJECTED from src/main/AndroidManifest.xml